<?xml version="1.0" encoding="UTF-8"?>
<testng-results ignored="0" total="1" passed="1" failed="0" skipped="0">
  <reporter-output>
  </reporter-output>
  <suite started-at="2025-09-11T08:21:29 IST" name="Default suite" finished-at="2025-09-11T08:21:52 IST" duration-ms="22574">
    <groups>
    </groups>
    <test started-at="2025-09-11T08:21:29 IST" name="Default test" finished-at="2025-09-11T08:21:52 IST" duration-ms="22574">
      <class name="com.testcases.PaymentTestCase">
        <test-method is-config="true" signature="setup()[pri:0, instance:com.testcases.PaymentTestCase@302552ec]" started-at="2025-09-11T08:21:29 IST" name="setup" finished-at="2025-09-11T08:21:37 IST" duration-ms="7635" status="PASS">
          <reporter-output>
          </reporter-output>
        </test-method> <!-- setup -->
        <test-method signature="nowpaying()[pri:0, instance:com.testcases.PaymentTestCase@302552ec]" started-at="2025-09-11T08:21:37 IST" name="nowpaying" finished-at="2025-09-11T08:21:51 IST" duration-ms="14575" status="PASS">
          <reporter-output>
          </reporter-output>
        </test-method> <!-- nowpaying -->
        <test-method is-config="true" signature="shutdown()[pri:0, instance:com.testcases.PaymentTestCase@302552ec]" started-at="2025-09-11T08:21:51 IST" name="shutdown" finished-at="2025-09-11T08:21:52 IST" duration-ms="312" status="PASS">
          <reporter-output>
          </reporter-output>
        </test-method> <!-- shutdown -->
      </class> <!-- com.testcases.PaymentTestCase -->
    </test> <!-- Default test -->
  </suite> <!-- Default suite -->
</testng-results>
