# JRE version: OpenJDK Runtime Environment Temurin-21.0.8+9 (21.0.8+9) (build 21.0.8+9-LTS)
# Java VM: OpenJDK 64-Bit Server VM Temurin-21.0.8+9 (21.0.8+9-LTS, mixed mode, sharing, tiered, compressed oops, compressed class ptrs, g1 gc, windows-amd64)
GC Precious Log:
 CardTable entry size: 512
 Card Set container configuration: InlinePtr #cards 5 size 8 Array Of Cards #cards 12 size 40 Howl #buckets 4 coarsen threshold 1843 Howl Bitmap #cards 512 size 80 coarsen threshold 460 Card regions per heap region 1 cards per card region 2048
 CPUs: 8 total, 8 available
 Memory: 8089M
 Large Page Support: Disabled
 NUMA Support: Disabled
 Compressed Oops: Enabled (32-bit)
 Heap Region Size: 1M
 Heap Min Capacity: 8M
 Heap Initial Capacity: 128M
 Heap Max Capacity: 2024M
 Pre-touch: Disabled
 Parallel Workers: 8
 Concurrent Workers: 2
 Concurrent Refinement Workers: 8
 Periodic GC: Disabled
Heap:
 garbage-first heap   total 87040K, used 50127K [0x0000000081800000, 0x0000000100000000)
  region size 1024K, 4 young (4096K), 3 survivors (3072K)
 Metaspace       used 38534K, committed 39040K, reserved 1114112K
  class space    used 4422K, committed 4672K, reserved 1048576K
GC Heap History (20 events):
Event: 3.160 GC heap after
{Heap after GC invocations=4 (full 0):
 garbage-first heap   total 131072K, used 15275K [0x0000000081800000, 0x0000000100000000)
  region size 1024K, 4 young (4096K), 4 survivors (4096K)
 Metaspace       used 21225K, committed 21504K, reserved 1114112K
  class space    used 2488K, committed 2624K, reserved 1048576K
}
Event: 4.200 GC heap before
{Heap before GC invocations=5 (full 0):
 garbage-first heap   total 55296K, used 54187K [0x0000000081800000, 0x0000000100000000)
  region size 1024K, 42 young (43008K), 4 survivors (4096K)
 Metaspace       used 25745K, committed 26048K, reserved 1114112K
  class space    used 3000K, committed 3136K, reserved 1048576K
}
Event: 4.209 GC heap after
{Heap after GC invocations=6 (full 0):
 garbage-first heap   total 61440K, used 17794K [0x0000000081800000, 0x0000000100000000)
  region size 1024K, 6 young (6144K), 6 survivors (6144K)
 Metaspace       used 25745K, committed 26048K, reserved 1114112K
  class space    used 3000K, committed 3136K, reserved 1048576K
}
Event: 4.664 GC heap before
{Heap before GC invocations=6 (full 0):
 garbage-first heap   total 61440K, used 51586K [0x0000000081800000, 0x0000000100000000)
  region size 1024K, 36 young (36864K), 6 survivors (6144K)
 Metaspace       used 28758K, committed 29120K, reserved 1114112K
  class space    used 3381K, committed 3584K, reserved 1048576K
}
Event: 4.673 GC heap after
{Heap after GC invocations=7 (full 0):
 garbage-first heap   total 61440K, used 19260K [0x0000000081800000, 0x0000000100000000)
  region size 1024K, 2 young (2048K), 2 survivors (2048K)
 Metaspace       used 28758K, committed 29120K, reserved 1114112K
  class space    used 3381K, committed 3584K, reserved 1048576K
}
Event: 5.134 GC heap before
{Heap before GC invocations=7 (full 0):
 garbage-first heap   total 61440K, used 54076K [0x0000000081800000, 0x0000000100000000)
  region size 1024K, 34 young (34816K), 2 survivors (2048K)
 Metaspace       used 34094K, committed 34432K, reserved 1114112K
  class space    used 3946K, committed 4096K, reserved 1048576K
}
Event: 5.141 GC heap after
{Heap after GC invocations=8 (full 0):
 garbage-first heap   total 65536K, used 29827K [0x0000000081800000, 0x0000000100000000)
  region size 1024K, 5 young (5120K), 5 survivors (5120K)
 Metaspace       used 34094K, committed 34432K, reserved 1114112K
  class space    used 3946K, committed 4096K, reserved 1048576K
}
Event: 5.324 GC heap before
{Heap before GC invocations=8 (full 0):
 garbage-first heap   total 65536K, used 53379K [0x0000000081800000, 0x0000000100000000)
  region size 1024K, 27 young (27648K), 5 survivors (5120K)
 Metaspace       used 34113K, committed 34432K, reserved 1114112K
  class space    used 3946K, committed 4096K, reserved 1048576K
}
Event: 5.332 GC heap after
{Heap after GC invocations=9 (full 0):
 garbage-first heap   total 66560K, used 38593K [0x0000000081800000, 0x0000000100000000)
  region size 1024K, 4 young (4096K), 4 survivors (4096K)
 Metaspace       used 34113K, committed 34432K, reserved 1114112K
  class space    used 3946K, committed 4096K, reserved 1048576K
}
Event: 5.359 GC heap before
{Heap before GC invocations=9 (full 0):
 garbage-first heap   total 66560K, used 41665K [0x0000000081800000, 0x0000000100000000)
  region size 1024K, 8 young (8192K), 4 survivors (4096K)
 Metaspace       used 34114K, committed 34432K, reserved 1114112K
  class space    used 3946K, committed 4096K, reserved 1048576K
}
Event: 5.364 GC heap after
{Heap after GC invocations=10 (full 0):
 garbage-first heap   total 79872K, used 40219K [0x0000000081800000, 0x0000000100000000)
  region size 1024K, 2 young (2048K), 2 survivors (2048K)
 Metaspace       used 34114K, committed 34432K, reserved 1114112K
  class space    used 3946K, committed 4096K, reserved 1048576K
}
Event: 5.571 GC heap before
{Heap before GC invocations=11 (full 0):
 garbage-first heap   total 79872K, used 65819K [0x0000000081800000, 0x0000000100000000)
  region size 1024K, 25 young (25600K), 2 survivors (2048K)
 Metaspace       used 34539K, committed 34880K, reserved 1114112K
  class space    used 4005K, committed 4160K, reserved 1048576K
}
Event: 5.581 GC heap after
{Heap after GC invocations=12 (full 0):
 garbage-first heap   total 79872K, used 47104K [0x0000000081800000, 0x0000000100000000)
  region size 1024K, 4 young (4096K), 4 survivors (4096K)
 Metaspace       used 34539K, committed 34880K, reserved 1114112K
  class space    used 4005K, committed 4160K, reserved 1048576K
}
Event: 5.954 GC heap before
{Heap before GC invocations=12 (full 0):
 garbage-first heap   total 79872K, used 66560K [0x0000000081800000, 0x0000000100000000)
  region size 1024K, 23 young (23552K), 4 survivors (4096K)
 Metaspace       used 35516K, committed 35840K, reserved 1114112K
  class space    used 4091K, committed 4224K, reserved 1048576K
}
Event: 5.964 GC heap after
{Heap after GC invocations=13 (full 0):
 garbage-first heap   total 79872K, used 50633K [0x0000000081800000, 0x0000000100000000)
  region size 1024K, 3 young (3072K), 3 survivors (3072K)
 Metaspace       used 35516K, committed 35840K, reserved 1114112K
  class space    used 4091K, committed 4224K, reserved 1048576K
}
Event: 6.277 GC heap before
{Heap before GC invocations=13 (full 0):
 garbage-first heap   total 79872K, used 68041K [0x0000000081800000, 0x0000000100000000)
  region size 1024K, 21 young (21504K), 3 survivors (3072K)
 Metaspace       used 36592K, committed 36992K, reserved 1114112K
  class space    used 4218K, committed 4352K, reserved 1048576K
}
Event: 6.281 GC heap after
{Heap after GC invocations=14 (full 0):
 garbage-first heap   total 79872K, used 51688K [0x0000000081800000, 0x0000000100000000)
  region size 1024K, 1 young (1024K), 1 survivors (1024K)
 Metaspace       used 36592K, committed 36992K, reserved 1114112K
  class space    used 4218K, committed 4352K, reserved 1048576K
}
Event: 6.654 GC heap before
{Heap before GC invocations=15 (full 0):
 garbage-first heap   total 87040K, used 70120K [0x0000000081800000, 0x0000000100000000)
  region size 1024K, 19 young (19456K), 1 survivors (1024K)
 Metaspace       used 37510K, committed 37888K, reserved 1114112K
  class space    used 4322K, committed 4480K, reserved 1048576K
}
Event: 6.659 GC heap after
{Heap after GC invocations=16 (full 0):
 garbage-first heap   total 87040K, used 51751K [0x0000000081800000, 0x0000000100000000)
  region size 1024K, 1 young (1024K), 1 survivors (1024K)
 Metaspace       used 37510K, committed 37888K, reserved 1114112K
  class space    used 4322K, committed 4480K, reserved 1048576K
}
Event: 7.757 GC heap before
{Heap before GC invocations=16 (full 0):
 garbage-first heap   total 87040K, used 75303K [0x0000000081800000, 0x0000000100000000)
  region size 1024K, 24 young (24576K), 1 survivors (1024K)
 Metaspace       used 38526K, committed 39040K, reserved 1114112K
  class space    used 4422K, committed 4672K, reserved 1048576K
}

